Nouns and adjectives extracted successfully Tue Feb 25 11:56:57 PST 2014
Sentence pruning done successfully -->Tue Feb 25 11:57:01 PST 2014
getStructure method ran successfully on Tue Feb 25 11:57:01 PST 2014
isFeature executed successfully Tue Feb 25 11:57:01 PST 2014
isFeature executed successfully Tue Feb 25 11:57:01 PST 2014
isFeature executed successfully Tue Feb 25 11:57:01 PST 2014
Simple sentence Hierarchy generated successfully Tue Feb 25 11:57:01 PST 2014
isComponenet executed successfully Tue Feb 25 11:57:01 PST 2014
Nouns and adjectives extracted successfully Tue Feb 25 11:57:47 PST 2014
Sentence pruning done successfully -->Tue Feb 25 11:57:51 PST 2014
getStructure method ran successfully on Tue Feb 25 11:57:51 PST 2014
Simple sentence Hierarchy generated successfully Tue Feb 25 11:57:51 PST 2014
isComponenet executed successfully Tue Feb 25 11:57:51 PST 2014
Nouns and adjectives extracted successfully Tue Feb 25 15:39:02 PST 2014
Sentence pruning done successfully -->Tue Feb 25 15:39:06 PST 2014
getStructure method ran successfully on Tue Feb 25 15:39:06 PST 2014
Simple sentence Hierarchy generated successfully Tue Feb 25 15:39:06 PST 2014
isComponenet executed successfully Tue Feb 25 15:39:06 PST 2014
Nouns and adjectives extracted successfully Tue Feb 25 17:33:16 PST 2014
Sentence pruning done successfully -->Tue Feb 25 17:33:20 PST 2014
getStructure method ran successfully on Tue Feb 25 17:33:20 PST 2014
Something went wrong while creating hierarchy for simple sentence java.lang.ArrayIndexOutOfBoundsException: 48
isComponenet executed successfully Tue Feb 25 17:33:20 PST 2014
isComponenet executed successfully Tue Feb 25 17:33:20 PST 2014
isComponenet executed successfully Tue Feb 25 17:33:20 PST 2014
isComponenet executed successfully Tue Feb 25 17:33:20 PST 2014
isComponenet executed successfully Tue Feb 25 17:33:20 PST 2014
isComponenet executed successfully Tue Feb 25 17:33:20 PST 2014
isComponenet executed successfully Tue Feb 25 17:33:20 PST 2014
Nouns and adjectives extracted successfully Tue Feb 25 21:07:25 PST 2014
Sentence pruning done successfully -->Tue Feb 25 21:07:28 PST 2014
getStructure method ran successfully on Tue Feb 25 21:07:28 PST 2014
isFeature executed successfully Tue Feb 25 21:07:28 PST 2014
isFeature executed successfully Tue Feb 25 21:07:28 PST 2014
isFeature executed successfully Tue Feb 25 21:07:28 PST 2014
isFeature executed successfully Tue Feb 25 21:07:28 PST 2014
isFeature executed successfully Tue Feb 25 21:07:28 PST 2014
isFeature executed successfully Tue Feb 25 21:07:28 PST 2014
Simple sentence Hierarchy generated successfully Tue Feb 25 21:07:28 PST 2014
isComponenet executed successfully Tue Feb 25 21:07:28 PST 2014
Nouns and adjectives extracted successfully Tue Feb 25 21:08:59 PST 2014
Sentence pruning done successfully -->Tue Feb 25 21:09:03 PST 2014
getStructure method ran successfully on Tue Feb 25 21:09:03 PST 2014
isFeature executed successfully Tue Feb 25 21:09:03 PST 2014
isFeature executed successfully Tue Feb 25 21:09:03 PST 2014
isFeature executed successfully Tue Feb 25 21:09:03 PST 2014
isFeature executed successfully Tue Feb 25 21:09:03 PST 2014
isFeature executed successfully Tue Feb 25 21:09:03 PST 2014
isFeature executed successfully Tue Feb 25 21:09:03 PST 2014
Simple sentence Hierarchy generated successfully Tue Feb 25 21:09:03 PST 2014
isComponenet executed successfully Tue Feb 25 21:09:03 PST 2014
Nouns and adjectives extracted successfully Tue Feb 25 21:10:42 PST 2014
Sentence pruning done successfully -->Tue Feb 25 21:10:46 PST 2014
getStructure method ran successfully on Tue Feb 25 21:10:46 PST 2014
isFeature executed successfully Tue Feb 25 21:10:46 PST 2014
isFeature executed successfully Tue Feb 25 21:10:46 PST 2014
isFeature executed successfully Tue Feb 25 21:10:46 PST 2014
isFeature executed successfully Tue Feb 25 21:10:46 PST 2014
isFeature executed successfully Tue Feb 25 21:10:46 PST 2014
isFeature executed successfully Tue Feb 25 21:10:46 PST 2014
Simple sentence Hierarchy generated successfully Tue Feb 25 21:10:46 PST 2014
isComponenet executed successfully Tue Feb 25 21:10:46 PST 2014
Nouns and adjectives extracted successfully Tue Feb 25 21:11:04 PST 2014
Sentence pruning done successfully -->Tue Feb 25 21:11:07 PST 2014
getStructure method ran successfully on Tue Feb 25 21:11:07 PST 2014
isFeature executed successfully Tue Feb 25 21:11:07 PST 2014
isFeature executed successfully Tue Feb 25 21:11:07 PST 2014
isFeature executed successfully Tue Feb 25 21:11:07 PST 2014
isFeature executed successfully Tue Feb 25 21:11:07 PST 2014
isFeature executed successfully Tue Feb 25 21:11:07 PST 2014
isFeature executed successfully Tue Feb 25 21:11:07 PST 2014
Simple sentence Hierarchy generated successfully Tue Feb 25 21:11:07 PST 2014
isComponenet executed successfully Tue Feb 25 21:11:07 PST 2014
Nouns and adjectives extracted successfully Tue Feb 25 21:11:54 PST 2014
Sentence pruning done successfully -->Tue Feb 25 21:11:58 PST 2014
getStructure method ran successfully on Tue Feb 25 21:11:58 PST 2014
Nouns and adjectives extracted successfully Tue Feb 25 21:14:13 PST 2014
Sentence pruning done successfully -->Tue Feb 25 21:14:16 PST 2014
getStructure method ran successfully on Tue Feb 25 21:14:16 PST 2014
isFeature executed successfully Tue Feb 25 21:14:16 PST 2014
isFeature executed successfully Tue Feb 25 21:14:16 PST 2014
isFeature executed successfully Tue Feb 25 21:14:16 PST 2014
isFeature executed successfully Tue Feb 25 21:14:16 PST 2014
isFeature executed successfully Tue Feb 25 21:14:16 PST 2014
isFeature executed successfully Tue Feb 25 21:14:16 PST 2014
Simple sentence Hierarchy generated successfully Tue Feb 25 21:14:16 PST 2014
isComponenet executed successfully Tue Feb 25 21:14:16 PST 2014
isComponenet executed successfully Tue Feb 25 21:14:16 PST 2014
Nouns and adjectives extracted successfully Tue Feb 25 21:14:33 PST 2014
Sentence pruning done successfully -->Tue Feb 25 21:14:36 PST 2014
getStructure method ran successfully on Tue Feb 25 21:14:36 PST 2014
isFeature executed successfully Tue Feb 25 21:14:36 PST 2014
isFeature executed successfully Tue Feb 25 21:14:36 PST 2014
isFeature executed successfully Tue Feb 25 21:14:36 PST 2014
isFeature executed successfully Tue Feb 25 21:14:36 PST 2014
isFeature executed successfully Tue Feb 25 21:14:36 PST 2014
isFeature executed successfully Tue Feb 25 21:14:36 PST 2014
Simple sentence Hierarchy generated successfully Tue Feb 25 21:14:36 PST 2014
isComponenet executed successfully Tue Feb 25 21:14:36 PST 2014
isComponenet executed successfully Tue Feb 25 21:14:36 PST 2014
